android/app/build/intermediates/manifest_merge_blame_file/debug/processDebugMainManifest/manifest-merger-blame-debug-report.txt
1<?xml version="1.0" encoding="utf-8"?>
2<manifest xmlns:android="http://schemas.android.com/apk/res/android"
3    package="com.leminhnhat123.japanofashionai"
4    android:versionCode="1"
5    android:versionName="1.0.26" >
6
7    <uses-sdk
8        android:minSdkVersion="24"
9        android:targetSdkVersion="36" />
10
11    <uses-permission android:name="android.permission.SYSTEM_ALERT_WINDOW" />
11-->src/main/AndroidManifest.xml:7:3-75
11-->src/main/AndroidManifest.xml:7:20-73
12    <uses-permission android:name="android.permission.CAMERA" />
12-->src/main/AndroidManifest.xml:2:3-62
12-->src/main/AndroidManifest.xml:2:20-60
13    <uses-permission android:name="android.permission.INTERNET" />
13-->src/main/AndroidManifest.xml:3:3-64
13-->src/main/AndroidManifest.xml:3:20-62
14    <uses-permission android:name="android.permission.READ_EXTERNAL_STORAGE" />
14-->src/main/AndroidManifest.xml:4:3-77
14-->src/main/AndroidManifest.xml:4:20-75
15    <uses-permission android:name="android.permission.READ_MEDIA_IMAGES" />
15-->src/main/AndroidManifest.xml:5:3-73
15-->src/main/AndroidManifest.xml:5:20-71
16    <uses-permission android:name="android.permission.RECORD_AUDIO" />
16-->src/main/AndroidManifest.xml:6:3-68
16-->src/main/AndroidManifest.xml:6:20-66
17    <uses-permission android:name="android.permission.VIBRATE" />
17-->src/main/AndroidManifest.xml:8:3-63
17-->src/main/AndroidManifest.xml:8:20-61
18    <uses-permission android:name="android.permission.WRITE_EXTERNAL_STORAGE" />
18-->src/main/AndroidManifest.xml:9:3-78
18-->src/main/AndroidManifest.xml:9:20-76
19
20    <queries>
20-->src/main/AndroidManifest.xml:10:3-16:13
21        <intent>
21-->src/main/AndroidManifest.xml:11:5-15:14
22            <action android:name="android.intent.action.VIEW" />
22-->src/main/AndroidManifest.xml:12:7-58
22-->src/main/AndroidManifest.xml:12:15-56
23
24            <category android:name="android.intent.category.BROWSABLE" />
24-->src/main/AndroidManifest.xml:13:7-67
24-->src/main/AndroidManifest.xml:13:17-65
25
26            <data android:scheme="https" />
26-->src/main/AndroidManifest.xml:14:7-37
26-->src/main/AndroidManifest.xml:14:13-35
27        </intent>
28
29        <package android:name="host.exp.exponent" />
29-->[:expo-dev-launcher] AndroidManifest.xml:8:9-53
29-->[:expo-dev-launcher] AndroidManifest.xml:8:18-50
30
31        <intent>
31-->[host.exp.exponent:expo.modules.imagepicker:17.0.11] AndroidManifest.xml:15:9-19:18
32
33            <!-- Required for picking images from the camera roll if targeting API 30 -->
34            <action android:name="android.media.action.IMAGE_CAPTURE" />
34-->[host.exp.exponent:expo.modules.imagepicker:17.0.11] AndroidManifest.xml:18:13-73
34-->[host.exp.exponent:expo.modules.imagepicker:17.0.11] AndroidManifest.xml:18:21-70
35        </intent>
36        <intent>
36-->[host.exp.exponent:expo.modules.imagepicker:17.0.11] AndroidManifest.xml:20:9-24:18
37
38            <!-- Required for picking images from the camera if targeting API 30 -->
39            <action android:name="android.media.action.ACTION_VIDEO_CAPTURE" />
39-->[host.exp.exponent:expo.modules.imagepicker:17.0.11] AndroidManifest.xml:23:13-80
39-->[host.exp.exponent:expo.modules.imagepicker:17.0.11] AndroidManifest.xml:23:21-77
40        </intent>
41        <intent>
41-->[com.vanniktech:android-image-cropper:4.6.0] AndroidManifest.xml:8:9-14:18
42            <action android:name="android.intent.action.GET_CONTENT" />
42-->[com.vanniktech:android-image-cropper:4.6.0] AndroidManifest.xml:9:13-72
42-->[com.vanniktech:android-image-cropper:4.6.0] AndroidManifest.xml:9:21-69
43
44            <category android:name="android.intent.category.OPENABLE" />
44-->[com.vanniktech:android-image-cropper:4.6.0] AndroidManifest.xml:11:13-73
44-->[com.vanniktech:android-image-cropper:4.6.0] AndroidManifest.xml:11:23-70
45
46            <data android:mimeType="*/*" />
46-->src/main/AndroidManifest.xml:14:7-37
47        </intent> <!-- Added to check the default browser that will host the AuthFlow. -->
48        <intent>
48-->[com.stripe:financial-connections:21.22.2] AndroidManifest.xml:13:9-17:18
49            <action android:name="android.intent.action.VIEW" />
49-->src/main/AndroidManifest.xml:12:7-58
49-->src/main/AndroidManifest.xml:12:15-56
50
51            <data android:scheme="http" />
51-->src/main/AndroidManifest.xml:14:7-37
51-->src/main/AndroidManifest.xml:14:13-35
52        </intent> <!-- Added to check if Chrome is installed for browser-based payment authentication (e.g. 3DS1). -->
53        <package android:name="com.android.chrome" />
53-->[com.stripe:payments-core:21.22.2] AndroidManifest.xml:11:9-54
53-->[com.stripe:payments-core:21.22.2] AndroidManifest.xml:11:18-51
54
55        <intent>
55-->[androidx.camera:camera-extensions:1.5.0-rc01] AndroidManifest.xml:23:9-25:18
56            <action android:name="androidx.camera.extensions.action.VENDOR_ACTION" />
56-->[androidx.camera:camera-extensions:1.5.0-rc01] AndroidManifest.xml:24:13-86
56-->[androidx.camera:camera-extensions:1.5.0-rc01] AndroidManifest.xml:24:21-83
57        </intent> <!-- Query open documents -->
58        <intent>
58-->[host.exp.exponent:expo.modules.filesystem:19.0.23] AndroidManifest.xml:15:9-17:18
59            <action android:name="android.intent.action.OPEN_DOCUMENT_TREE" />
59-->[host.exp.exponent:expo.modules.filesystem:19.0.23] AndroidManifest.xml:16:13-79
59-->[host.exp.exponent:expo.modules.filesystem:19.0.23] AndroidManifest.xml:16:21-76
60        </intent> <!-- Needs to be explicitly declared on Android R+ -->
61        <package android:name="com.google.android.apps.maps" /> <!-- Query open documents -->
61-->[com.google.android.gms:play-services-maps:18.0.2] AndroidManifest.xml:33:9-64
61-->[com.google.android.gms:play-services-maps:18.0.2] AndroidManifest.xml:33:18-61
62        <intent>
62-->[host.exp.exponent:expo.modules.documentpicker:14.0.8] AndroidManifest.xml:10:9-17:18
63            <action android:name="android.intent.action.OPEN_DOCUMENT" />
63-->[host.exp.exponent:expo.modules.documentpicker:14.0.8] AndroidManifest.xml:11:13-74
63-->[host.exp.exponent:expo.modules.documentpicker:14.0.8] AndroidManifest.xml:11:21-71
64
65            <category android:name="android.intent.category.DEFAULT" />
65-->src/main/AndroidManifest.xml:30:9-67
65-->src/main/AndroidManifest.xml:30:19-65
66            <category android:name="android.intent.category.OPENABLE" />
66-->[com.vanniktech:android-image-cropper:4.6.0] AndroidManifest.xml:11:13-73
66-->[com.vanniktech:android-image-cropper:4.6.0] AndroidManifest.xml:11:23-70
67
68            <data android:mimeType="*/*" />
68-->src/main/AndroidManifest.xml:14:7-37
69        </intent>
70    </queries> <!-- Include required permissions for Google Maps API to run. -->
71    <uses-permission android:name="android.permission.ACCESS_NETWORK_STATE" />
71-->[com.google.android.gms:play-services-maps:18.0.2] AndroidManifest.xml:23:5-79
71-->[com.google.android.gms:play-services-maps:18.0.2] AndroidManifest.xml:23:22-76
72
73    <uses-feature
73-->[com.google.android.gms:play-services-maps:18.0.2] AndroidManifest.xml:26:5-28:35
74        android:glEsVersion="0x00020000"
74-->[com.google.android.gms:play-services-maps:18.0.2] AndroidManifest.xml:27:9-41
75        android:required="true" />
75-->[com.google.android.gms:play-services-maps:18.0.2] AndroidManifest.xml:28:9-32
76
77    <permission
77-->[androidx.core:core:1.16.0] AndroidManifest.xml:22:5-24:47
78        android:name="com.leminhnhat123.japanofashionai.DYNAMIC_RECEIVER_NOT_EXPORTED_PERMISSION"
78-->[androidx.core:core:1.16.0] AndroidManifest.xml:23:9-81
79        android:protectionLevel="signature" />
79-->[androidx.core:core:1.16.0] AndroidManifest.xml:24:9-44
80
81    <uses-permission android:name="com.leminhnhat123.japanofashionai.DYNAMIC_RECEIVER_NOT_EXPORTED_PERMISSION" />
81-->[androidx.core:core:1.16.0] AndroidManifest.xml:26:5-97
81-->[androidx.core:core:1.16.0] AndroidManifest.xml:26:22-94
82
83    <application
83-->src/main/AndroidManifest.xml:17:3-36:17
84        android:name="com.leminhnhat123.japanofashionai.MainApplication"
84-->src/main/AndroidManifest.xml:17:16-47
85        android:allowBackup="true"
85-->src/main/AndroidManifest.xml:17:162-188
86        android:appComponentFactory="androidx.core.app.CoreComponentFactory"
86-->[androidx.core:core:1.16.0] AndroidManifest.xml:28:18-86
87        android:debuggable="true"
88        android:enableOnBackInvokedCallback="false"
88-->src/main/AndroidManifest.xml:17:248-291
89        android:extractNativeLibs="false"
90        android:icon="@mipmap/ic_launcher"
90-->src/main/AndroidManifest.xml:17:81-115
91        android:label="@string/app_name"
91-->src/main/AndroidManifest.xml:17:48-80
92        android:roundIcon="@mipmap/ic_launcher_round"
92-->src/main/AndroidManifest.xml:17:116-161
93        android:supportsRtl="true"
93-->src/main/AndroidManifest.xml:17:221-247
94        android:theme="@style/AppTheme"
94-->src/main/AndroidManifest.xml:17:189-220
95        android:usesCleartextTraffic="true" >
95-->src/main/AndroidManifest.xml:17:292-327
96        <meta-data
96-->src/main/AndroidManifest.xml:18:5-91
97            android:name="DEV_CLIENT_TRY_TO_LAUNCH_LAST_BUNDLE"
97-->src/main/AndroidManifest.xml:18:16-67
98            android:value="false" />
98-->src/main/AndroidManifest.xml:18:68-89
99        <meta-data
99-->src/main/AndroidManifest.xml:19:5-95
100            android:name="com.google.android.gms.wallet.api.enabled"
100-->src/main/AndroidManifest.xml:19:16-72
101            android:value="true" />
101-->src/main/AndroidManifest.xml:19:73-93
102        <meta-data
102-->src/main/AndroidManifest.xml:20:5-83
103            android:name="expo.modules.updates.ENABLED"
103-->src/main/AndroidManifest.xml:20:16-59
104            android:value="false" />
104-->src/main/AndroidManifest.xml:20:60-81
105        <meta-data
105-->src/main/AndroidManifest.xml:21:5-105
106            android:name="expo.modules.updates.EXPO_UPDATES_CHECK_ON_LAUNCH"
106-->src/main/AndroidManifest.xml:21:16-80
107            android:value="ALWAYS" />
107-->src/main/AndroidManifest.xml:21:81-103
108        <meta-data
108-->src/main/AndroidManifest.xml:22:5-99
109            android:name="expo.modules.updates.EXPO_UPDATES_LAUNCH_WAIT_MS"
109-->src/main/AndroidManifest.xml:22:16-79
110            android:value="0" />
110-->src/main/AndroidManifest.xml:22:80-97
111
112        <activity
112-->src/main/AndroidManifest.xml:23:5-35:16
113            android:name="com.leminhnhat123.japanofashionai.MainActivity"
113-->src/main/AndroidManifest.xml:23:15-43
114            android:configChanges="keyboard|keyboardHidden|orientation|screenSize|screenLayout|uiMode"
114-->src/main/AndroidManifest.xml:23:44-134
115            android:exported="true"
115-->src/main/AndroidManifest.xml:23:256-279
116            android:launchMode="singleTask"
116-->src/main/AndroidManifest.xml:23:135-166
117            android:screenOrientation="portrait"
117-->src/main/AndroidManifest.xml:23:280-316
118            android:theme="@style/Theme.App.SplashScreen"
118-->src/main/AndroidManifest.xml:23:210-255
119            android:windowSoftInputMode="adjustResize" >
119-->src/main/AndroidManifest.xml:23:167-209
120            <intent-filter>
120-->src/main/AndroidManifest.xml:24:7-27:23
121                <action android:name="android.intent.action.MAIN" />
121-->src/main/AndroidManifest.xml:25:9-60
121-->src/main/AndroidManifest.xml:25:17-58
122
123                <category android:name="android.intent.category.LAUNCHER" />
123-->src/main/AndroidManifest.xml:26:9-68
123-->src/main/AndroidManifest.xml:26:19-66
124            </intent-filter>
125            <intent-filter>
125-->src/main/AndroidManifest.xml:28:7-34:23
126                <action android:name="android.intent.action.VIEW" />
126-->src/main/AndroidManifest.xml:12:7-58
126-->src/main/AndroidManifest.xml:12:15-56
127
128                <category android:name="android.intent.category.DEFAULT" />
128-->src/main/AndroidManifest.xml:30:9-67
128-->src/main/AndroidManifest.xml:30:19-65
129                <category android:name="android.intent.category.BROWSABLE" />
129-->src/main/AndroidManifest.xml:13:7-67
129-->src/main/AndroidManifest.xml:13:17-65
130
131                <data android:scheme="japano" />
131-->src/main/AndroidManifest.xml:14:7-37
131-->src/main/AndroidManifest.xml:14:13-35
132                <data android:scheme="exp+japano-fashion-ai" />
132-->src/main/AndroidManifest.xml:14:7-37
132-->src/main/AndroidManifest.xml:14:13-35
133            </intent-filter>
134        </activity>
135        <activity
135-->[:stripe_stripe-react-native] AndroidManifest.xml:8:9-14:74
136            android:name="com.reactnativestripesdk.CustomPaymentMethodActivity"
136-->[:stripe_stripe-react-native] AndroidManifest.xml:9:13-80
137            android:excludeFromRecents="true"
137-->[:stripe_stripe-react-native] AndroidManifest.xml:10:13-46
138            android:exported="false"
138-->[:stripe_stripe-react-native] AndroidManifest.xml:11:13-37
139            android:launchMode="singleTop"
139-->[:stripe_stripe-react-native] AndroidManifest.xml:12:13-43
140            android:noHistory="true"
140-->[:stripe_stripe-react-native] AndroidManifest.xml:13:13-37
141            android:theme="@style/Theme.StripeReactNative.Transparent" />
141-->[:stripe_stripe-react-native] AndroidManifest.xml:14:13-71
142        <activity
142-->[:expo-dev-launcher] AndroidManifest.xml:12:9-16:75
143            android:name="expo.modules.devlauncher.launcher.DevLauncherActivity"
143-->[:expo-dev-launcher] AndroidManifest.xml:13:13-81
144            android:exported="true"
144-->[:expo-dev-launcher] AndroidManifest.xml:14:13-36
145            android:launchMode="singleTask"
145-->[:expo-dev-launcher] AndroidManifest.xml:15:13-44
146            android:theme="@style/Theme.AppCompat.DayNight.NoActionBar" />
146-->[:expo-dev-launcher] AndroidManifest.xml:16:13-72
147        <activity
147-->[:expo-dev-launcher] AndroidManifest.xml:17:9-30:20
148            android:name="expo.modules.devlauncher.compose.AuthActivity"
148-->[:expo-dev-launcher] AndroidManifest.xml:18:13-73
149            android:exported="true"
149-->[:expo-dev-launcher] AndroidManifest.xml:19:13-36
150            android:launchMode="singleTask"
150-->[:expo-dev-launcher] AndroidManifest.xml:20:13-44
151            android:theme="@style/Theme.AppCompat.DayNight.NoActionBar" >
151-->[:expo-dev-launcher] AndroidManifest.xml:21:13-72
152            <intent-filter>
152-->[:expo-dev-launcher] AndroidManifest.xml:22:13-29:29
153                <action android:name="android.intent.action.VIEW" />
153-->src/main/AndroidManifest.xml:12:7-58
153-->src/main/AndroidManifest.xml:12:15-56
154
155                <category android:name="android.intent.category.DEFAULT" />
155-->src/main/AndroidManifest.xml:30:9-67
155-->src/main/AndroidManifest.xml:30:19-65
156                <category android:name="android.intent.category.BROWSABLE" />
156-->src/main/AndroidManifest.xml:13:7-67
156-->src/main/AndroidManifest.xml:13:17-65
157
158                <data android:scheme="expo-dev-launcher" />
158-->src/main/AndroidManifest.xml:14:7-37
158-->src/main/AndroidManifest.xml:14:13-35
159            </intent-filter>
160        </activity>
161        <activity
161-->[:expo-dev-launcher] AndroidManifest.xml:31:9-34:70
162            android:name="expo.modules.devlauncher.launcher.errors.DevLauncherErrorActivity"
162-->[:expo-dev-launcher] AndroidManifest.xml:32:13-93
163            android:screenOrientation="portrait"
163-->[:expo-dev-launcher] AndroidManifest.xml:33:13-49
164            android:theme="@style/Theme.DevLauncher.ErrorActivity" />
164-->[:expo-dev-launcher] AndroidManifest.xml:34:13-67
165
166        <meta-data
166-->[:expo-dev-launcher] AndroidManifest.xml:36:9-38:42
167            android:name="com.google.mlkit.vision.DEPENDENCIES"
167-->[:expo-dev-launcher] AndroidManifest.xml:37:13-64
168            android:value="barcode_ui" />
168-->[:expo-dev-launcher] AndroidManifest.xml:38:13-39
169        <meta-data
169-->[:expo-modules-core] AndroidManifest.xml:9:9-11:89
170            android:name="org.unimodules.core.AppLoader#react-native-headless"
170-->[:expo-modules-core] AndroidManifest.xml:10:13-79
171            android:value="expo.modules.adapters.react.apploader.RNHeadlessAppLoader" />
171-->[:expo-modules-core] AndroidManifest.xml:11:13-86
172        <meta-data
172-->[:expo-modules-core] AndroidManifest.xml:12:9-15:45
173            android:name="com.facebook.soloader.enabled"
173-->[:expo-modules-core] AndroidManifest.xml:13:13-57
174            android:value="true" />
174-->[:expo-modules-core] AndroidManifest.xml:14:13-33
175
176        <activity
176-->[com.facebook.react:react-android:0.81.5] AndroidManifest.xml:19:9-21:40
177            android:name="com.facebook.react.devsupport.DevSettingsActivity"
177-->[com.facebook.react:react-android:0.81.5] AndroidManifest.xml:20:13-77
178            android:exported="false" />
178-->[com.facebook.react:react-android:0.81.5] AndroidManifest.xml:21:13-37
179
180        <service
180-->[host.exp.exponent:expo.modules.imagepicker:17.0.11] AndroidManifest.xml:28:9-40:19
181            android:name="com.google.android.gms.metadata.ModuleDependencies"
181-->[host.exp.exponent:expo.modules.imagepicker:17.0.11] AndroidManifest.xml:29:13-78
182            android:enabled="false"
182-->[host.exp.exponent:expo.modules.imagepicker:17.0.11] AndroidManifest.xml:30:13-36
183            android:exported="false" >
183-->[host.exp.exponent:expo.modules.imagepicker:17.0.11] AndroidManifest.xml:31:13-37
184            <intent-filter>
184-->[host.exp.exponent:expo.modules.imagepicker:17.0.11] AndroidManifest.xml:33:13-35:29
185                <action android:name="com.google.android.gms.metadata.MODULE_DEPENDENCIES" />
185-->[host.exp.exponent:expo.modules.imagepicker:17.0.11] AndroidManifest.xml:34:17-94
185-->[host.exp.exponent:expo.modules.imagepicker:17.0.11] AndroidManifest.xml:34:25-91
186            </intent-filter>
187
188            <meta-data
188-->[host.exp.exponent:expo.modules.imagepicker:17.0.11] AndroidManifest.xml:37:13-39:36
189                android:name="photopicker_activity:0:required"
189-->[host.exp.exponent:expo.modules.imagepicker:17.0.11] AndroidManifest.xml:38:17-63
190                android:value="" />
190-->[host.exp.exponent:expo.modules.imagepicker:17.0.11] AndroidManifest.xml:39:17-33
191        </service>
192
193        <activity
193-->[host.exp.exponent:expo.modules.imagepicker:17.0.11] AndroidManifest.xml:42:9-46:48
194            android:name="expo.modules.imagepicker.ExpoCropImageActivity"
194-->[host.exp.exponent:expo.modules.imagepicker:17.0.11] AndroidManifest.xml:43:13-74
195            android:exported="false"
195-->[host.exp.exponent:expo.modules.imagepicker:17.0.11] AndroidManifest.xml:44:13-37
196            android:theme="@style/Base.Theme.AppCompat" /> <!-- https://developer.android.com/guide/topics/manifest/provider-element.html -->
196-->[host.exp.exponent:expo.modules.imagepicker:17.0.11] AndroidManifest.xml:45:13-56
197        <provider
197-->[host.exp.exponent:expo.modules.imagepicker:17.0.11] AndroidManifest.xml:48:9-56:20
198            android:name="expo.modules.imagepicker.fileprovider.ImagePickerFileProvider"
198-->[host.exp.exponent:expo.modules.imagepicker:17.0.11] AndroidManifest.xml:49:13-89
199            android:authorities="com.leminhnhat123.japanofashionai.ImagePickerFileProvider"
199-->[host.exp.exponent:expo.modules.imagepicker:17.0.11] AndroidManifest.xml:50:13-75
200            android:exported="false"
200-->[host.exp.exponent:expo.modules.imagepicker:17.0.11] AndroidManifest.xml:51:13-37
201            android:grantUriPermissions="true" >
201-->[host.exp.exponent:expo.modules.imagepicker:17.0.11] AndroidManifest.xml:52:13-47
202            <meta-data
202-->[host.exp.exponent:expo.modules.imagepicker:17.0.11] AndroidManifest.xml:53:13-55:71
203                android:name="android.support.FILE_PROVIDER_PATHS"
203-->[host.exp.exponent:expo.modules.imagepicker:17.0.11] AndroidManifest.xml:54:17-67
204                android:resource="@xml/image_picker_provider_paths" />
204-->[host.exp.exponent:expo.modules.imagepicker:17.0.11] AndroidManifest.xml:55:17-68
205        </provider>
206        <provider
206-->[com.vanniktech:android-image-cropper:4.6.0] AndroidManifest.xml:21:9-29:20
207            android:name="com.canhub.cropper.CropFileProvider"
207-->[com.vanniktech:android-image-cropper:4.6.0] AndroidManifest.xml:22:13-63
208            android:authorities="com.leminhnhat123.japanofashionai.cropper.fileprovider"
208-->[com.vanniktech:android-image-cropper:4.6.0] AndroidManifest.xml:23:13-72
209            android:exported="false"
209-->[com.vanniktech:android-image-cropper:4.6.0] AndroidManifest.xml:24:13-37
210            android:grantUriPermissions="true" >
210-->[com.vanniktech:android-image-cropper:4.6.0] AndroidManifest.xml:25:13-47
211            <meta-data
211-->[host.exp.exponent:expo.modules.imagepicker:17.0.11] AndroidManifest.xml:53:13-55:71
212                android:name="android.support.FILE_PROVIDER_PATHS"
212-->[host.exp.exponent:expo.modules.imagepicker:17.0.11] AndroidManifest.xml:54:17-67
213                android:resource="@xml/library_file_paths" />
213-->[host.exp.exponent:expo.modules.imagepicker:17.0.11] AndroidManifest.xml:55:17-68
214        </provider>
215
216        <activity
216-->[com.vanniktech:android-image-cropper:4.6.0] AndroidManifest.xml:31:9-33:39
217            android:name="com.canhub.cropper.CropImageActivity"
217-->[com.vanniktech:android-image-cropper:4.6.0] AndroidManifest.xml:32:13-64
218            android:exported="true" />
218-->[com.vanniktech:android-image-cropper:4.6.0] AndroidManifest.xml:33:13-36
219        <activity
219-->[com.stripe:financial-connections:21.22.2] AndroidManifest.xml:21:9-65:20
220            android:name="com.stripe.android.financialconnections.FinancialConnectionsSheetRedirectActivity"
220-->[com.stripe:financial-connections:21.22.2] AndroidManifest.xml:22:13-109
221            android:exported="true"
221-->[com.stripe:financial-connections:21.22.2] AndroidManifest.xml:23:13-36
222            android:launchMode="singleTask" >
222-->[com.stripe:financial-connections:21.22.2] AndroidManifest.xml:24:13-44
223            <intent-filter>
223-->[com.stripe:financial-connections:21.22.2] AndroidManifest.xml:25:13-64:29
224                <action android:name="android.intent.action.VIEW" />
224-->src/main/AndroidManifest.xml:12:7-58
224-->src/main/AndroidManifest.xml:12:15-56
225
226                <category android:name="android.intent.category.DEFAULT" />
226-->src/main/AndroidManifest.xml:30:9-67
226-->src/main/AndroidManifest.xml:30:19-65
227                <category android:name="android.intent.category.BROWSABLE" />
227-->src/main/AndroidManifest.xml:13:7-67
227-->src/main/AndroidManifest.xml:13:17-65
228
229                <!-- Returning from app2app: return_url is triggered to reopen web AuthFlow and poll accounts. -->
230                <data
230-->src/main/AndroidManifest.xml:14:7-37
231                    android:host="link-accounts"
232                    android:pathPrefix="/com.leminhnhat123.japanofashionai/authentication_return"
233                    android:scheme="stripe-auth" />
233-->src/main/AndroidManifest.xml:14:13-35
234
235                <!-- Returning from app2app: return_url is triggered to reopen native AuthFlow and poll accounts. -->
236                <data
236-->src/main/AndroidManifest.xml:14:7-37
237                    android:host="link-native-accounts"
238                    android:pathPrefix="/com.leminhnhat123.japanofashionai/authentication_return"
239                    android:scheme="stripe-auth" />
239-->src/main/AndroidManifest.xml:14:13-35
240
241                <!-- End of web AuthFlow success and cancel URIs that begin with "stripe-auth://link-accounts/{app-id}/...” -->
242                <data
242-->src/main/AndroidManifest.xml:14:7-37
243                    android:host="link-accounts"
244                    android:path="/com.leminhnhat123.japanofashionai/success"
245                    android:scheme="stripe-auth" />
245-->src/main/AndroidManifest.xml:14:13-35
246                <data
246-->src/main/AndroidManifest.xml:14:7-37
247                    android:host="link-accounts"
248                    android:path="/com.leminhnhat123.japanofashionai/cancel"
249                    android:scheme="stripe-auth" />
249-->src/main/AndroidManifest.xml:14:13-35
250
251                <!-- Opening app2app: Web flow triggers stripe-auth://native-redirect/{app-id}/http://web-that-redirects-to-native -->
252                <data
252-->src/main/AndroidManifest.xml:14:7-37
253                    android:host="native-redirect"
254                    android:pathPrefix="/com.leminhnhat123.japanofashionai"
255                    android:scheme="stripe-auth" />
255-->src/main/AndroidManifest.xml:14:13-35
256
257                <!-- Accepts success/cancel/fail URIs that begin with "stripe://auth-redirect” -->
258                <data
258-->src/main/AndroidManifest.xml:14:7-37
259                    android:host="auth-redirect"
260                    android:pathPrefix="/com.leminhnhat123.japanofashionai"
261                    android:scheme="stripe" />
261-->src/main/AndroidManifest.xml:14:13-35
262            </intent-filter>
263        </activity>
264        <activity
264-->[com.stripe:financial-connections:21.22.2] AndroidManifest.xml:66:9-69:77
265            android:name="com.stripe.android.financialconnections.FinancialConnectionsSheetActivity"
265-->[com.stripe:financial-connections:21.22.2] AndroidManifest.xml:67:13-101
266            android:exported="false"
266-->[com.stripe:financial-connections:21.22.2] AndroidManifest.xml:68:13-37
267            android:theme="@style/StripeFinancialConnectionsDefaultTheme" />
267-->[com.stripe:financial-connections:21.22.2] AndroidManifest.xml:69:13-74
268        <activity
268-->[com.stripe:financial-connections:21.22.2] AndroidManifest.xml:70:9-74:58
269            android:name="com.stripe.android.financialconnections.ui.FinancialConnectionsSheetNativeActivity"
269-->[com.stripe:financial-connections:21.22.2] AndroidManifest.xml:71:13-110
270            android:exported="false"
270-->[com.stripe:financial-connections:21.22.2] AndroidManifest.xml:72:13-37
271            android:theme="@style/StripeFinancialConnectionsDefaultTheme"
271-->[com.stripe:financial-connections:21.22.2] AndroidManifest.xml:73:13-74
272            android:windowSoftInputMode="adjustResize" />
272-->[com.stripe:financial-connections:21.22.2] AndroidManifest.xml:74:13-55
273
274        <provider
274-->[host.exp.exponent:expo.modules.clipboard:8.0.8] AndroidManifest.xml:8:9-15:20
275            android:name="expo.modules.clipboard.ClipboardFileProvider"
275-->[host.exp.exponent:expo.modules.clipboard:8.0.8] AndroidManifest.xml:9:13-72
276            android:authorities="com.leminhnhat123.japanofashionai.ClipboardFileProvider"
276-->[host.exp.exponent:expo.modules.clipboard:8.0.8] AndroidManifest.xml:10:13-73
277            android:exported="true" >
277-->[host.exp.exponent:expo.modules.clipboard:8.0.8] AndroidManifest.xml:11:13-36
278            <meta-data
278-->[host.exp.exponent:expo.modules.clipboard:8.0.8] AndroidManifest.xml:12:13-14:68
279                android:name="expo.modules.clipboard.CLIPBOARD_FILE_PROVIDER_PATHS"
279-->[host.exp.exponent:expo.modules.clipboard:8.0.8] AndroidManifest.xml:13:17-84
280                android:resource="@xml/clipboard_provider_paths" />
280-->[host.exp.exponent:expo.modules.clipboard:8.0.8] AndroidManifest.xml:14:17-65
281        </provider>
282
283        <activity
283-->[com.stripe:paymentsheet:21.22.2] AndroidManifest.xml:8:9-11:69
284            android:name="com.stripe.android.paymentsheet.PaymentSheetActivity"
284-->[com.stripe:paymentsheet:21.22.2] AndroidManifest.xml:9:13-80
285            android:exported="false"
285-->[com.stripe:paymentsheet:21.22.2] AndroidManifest.xml:10:13-37
286            android:theme="@style/StripePaymentSheetDefaultTheme" />
286-->[com.stripe:paymentsheet:21.22.2] AndroidManifest.xml:11:13-66
287        <activity
287-->[com.stripe:paymentsheet:21.22.2] AndroidManifest.xml:12:9-15:69
288            android:name="com.stripe.android.paymentsheet.PaymentOptionsActivity"
288-->[com.stripe:paymentsheet:21.22.2] AndroidManifest.xml:13:13-82
289            android:exported="false"
289-->[com.stripe:paymentsheet:21.22.2] AndroidManifest.xml:14:13-37
290            android:theme="@style/StripePaymentSheetDefaultTheme" />
290-->[com.stripe:paymentsheet:21.22.2] AndroidManifest.xml:15:13-66
291        <activity
291-->[com.stripe:paymentsheet:21.22.2] AndroidManifest.xml:16:9-19:69
292            android:name="com.stripe.android.customersheet.CustomerSheetActivity"
292-->[com.stripe:paymentsheet:21.22.2] AndroidManifest.xml:17:13-82
293            android:exported="false"
293-->[com.stripe:paymentsheet:21.22.2] AndroidManifest.xml:18:13-37
294            android:theme="@style/StripePaymentSheetDefaultTheme" />
294-->[com.stripe:paymentsheet:21.22.2] AndroidManifest.xml:19:13-66
295        <activity
295-->[com.stripe:paymentsheet:21.22.2] AndroidManifest.xml:20:9-23:69
296            android:name="com.stripe.android.paymentsheet.addresselement.AddressElementActivity"
296-->[com.stripe:paymentsheet:21.22.2] AndroidManifest.xml:21:13-97
297            android:exported="false"
297-->[com.stripe:paymentsheet:21.22.2] AndroidManifest.xml:22:13-37
298            android:theme="@style/StripePaymentSheetDefaultTheme" />
298-->[com.stripe:paymentsheet:21.22.2] AndroidManifest.xml:23:13-66
299        <activity
299-->[com.stripe:paymentsheet:21.22.2] AndroidManifest.xml:24:9-27:69